<?xml version="1.0" encoding="UTF-8"?>
<testng-results ignored="0" total="5" passed="5" failed="0" skipped="0">
  <reporter-output>
  </reporter-output>
  <suite started-at="2025-06-29T08:32:37 IST" name="AssertAll" finished-at="2025-06-29T08:32:42 IST" duration-ms="5084">
    <groups>
    </groups>
    <test started-at="2025-06-29T08:32:37 IST" name="AssertAll" finished-at="2025-06-29T08:32:42 IST" duration-ms="5084">
      <class name="assertion.softAssert.AssertAll">
        <test-method signature="launchBrowser()[pri:0, instance:assertion.softAssert.AssertAll@394a2528]" started-at="2025-06-29T08:32:37 IST" name="launchBrowser" finished-at="2025-06-29T08:32:42 IST" duration-ms="5063" status="PASS">
          <reporter-output>
          </reporter-output>
        </test-method> <!-- launchBrowser -->
      </class> <!-- assertion.softAssert.AssertAll -->
    </test> <!-- AssertAll -->
  </suite> <!-- AssertAll -->
  <suite started-at="2025-06-29T08:32:42 IST" name="AssertSuite" finished-at="2025-06-29T08:32:42 IST" duration-ms="0">
    <groups>
    </groups>
  </suite> <!-- AssertSuite -->
  <suite started-at="2025-06-29T08:32:36 IST" name="AssertTrue" finished-at="2025-06-29T08:32:37 IST" duration-ms="726">
    <groups>
    </groups>
    <test started-at="2025-06-29T08:32:36 IST" name="AssertTrue" finished-at="2025-06-29T08:32:37 IST" duration-ms="726">
      <class name="assertion.hardAssert.AssertTrue">
        <test-method is-config="true" signature="browserLaunch()[pri:0, instance:assertion.hardAssert.AssertTrue@5609159b]" started-at="2025-06-29T08:32:33 IST" name="browserLaunch" finished-at="2025-06-29T08:32:36 IST" duration-ms="3337" status="PASS">
          <reporter-output>
          </reporter-output>
        </test-method> <!-- browserLaunch -->
        <test-method signature="verifyURL()[pri:1, instance:assertion.hardAssert.AssertTrue@5609159b]" started-at="2025-06-29T08:32:36 IST" name="verifyURL" finished-at="2025-06-29T08:32:37 IST" duration-ms="703" status="PASS">
          <reporter-output>
          </reporter-output>
        </test-method> <!-- verifyURL -->
      </class> <!-- assertion.hardAssert.AssertTrue -->
    </test> <!-- AssertTrue -->
  </suite> <!-- AssertTrue -->
  <suite started-at="2025-06-29T08:32:33 IST" name="AssertNotEquals" finished-at="2025-06-29T08:32:33 IST" duration-ms="94">
    <groups>
    </groups>
    <test started-at="2025-06-29T08:32:33 IST" name="AssertNotEquals" finished-at="2025-06-29T08:32:33 IST" duration-ms="94">
      <class name="assertion.hardAssert.Assert_assertNotEquals">
        <test-method is-config="true" signature="browserLaunch()[pri:0, instance:assertion.hardAssert.Assert_assertNotEquals@6a03bcb1]" started-at="2025-06-29T08:32:29 IST" name="browserLaunch" finished-at="2025-06-29T08:32:33 IST" duration-ms="3243" status="PASS">
          <reporter-output>
          </reporter-output>
        </test-method> <!-- browserLaunch -->
        <test-method signature="verifyURL()[pri:1, instance:assertion.hardAssert.Assert_assertNotEquals@6a03bcb1]" started-at="2025-06-29T08:32:33 IST" name="verifyURL" finished-at="2025-06-29T08:32:33 IST" duration-ms="74" status="PASS">
          <reporter-output>
          </reporter-output>
        </test-method> <!-- verifyURL -->
      </class> <!-- assertion.hardAssert.Assert_assertNotEquals -->
    </test> <!-- AssertNotEquals -->
  </suite> <!-- AssertNotEquals -->
  <suite started-at="2025-06-29T08:32:29 IST" name="AsserEquals" finished-at="2025-06-29T08:32:29 IST" duration-ms="228">
    <groups>
    </groups>
    <test started-at="2025-06-29T08:32:29 IST" name="AsserEquals" finished-at="2025-06-29T08:32:29 IST" duration-ms="228">
      <class name="assertion.hardAssert.Assert_assertEquals">
        <test-method is-config="true" signature="browserLaunch()[pri:0, instance:assertion.hardAssert.Assert_assertEquals@7d8704ef]" started-at="2025-06-29T08:32:22 IST" name="browserLaunch" finished-at="2025-06-29T08:32:29 IST" duration-ms="6470" status="PASS">
          <reporter-output>
          </reporter-output>
        </test-method> <!-- browserLaunch -->
        <test-method signature="verifyURL()[pri:1, instance:assertion.hardAssert.Assert_assertEquals@7d8704ef]" started-at="2025-06-29T08:32:29 IST" name="verifyURL" finished-at="2025-06-29T08:32:29 IST" duration-ms="56" status="PASS">
          <reporter-output>
          </reporter-output>
        </test-method> <!-- verifyURL -->
        <test-method signature="verifyTittle()[pri:2, instance:assertion.hardAssert.Assert_assertEquals@7d8704ef]" started-at="2025-06-29T08:32:29 IST" name="verifyTittle" finished-at="2025-06-29T08:32:29 IST" duration-ms="49" status="PASS">
          <reporter-output>
          </reporter-output>
        </test-method> <!-- verifyTittle -->
      </class> <!-- assertion.hardAssert.Assert_assertEquals -->
    </test> <!-- AsserEquals -->
  </suite> <!-- AsserEquals -->
</testng-results>
