<?xml version="1.0" encoding="UTF-8"?>
<!-- Generated by org.testng.reporters.JUnitXMLReporter -->
<testsuite ignored="3" hostname="DESKTOP-GCL01NE" failures="0" tests="6" name="GroupingDemo" time="0.296" errors="0" timestamp="2025-06-29T07:02:12 IST">
  <testcase classname="annotation_parameter.Group_01" name="hitUrl" time="0.04"/>
  <testcase classname="annotation_parameter.Group_01" name="login" time="0.004"/>
  <testcase classname="annotation_parameter.Group_01" name="addtocart" time="0.003"/>
  <testcase classname="annotation_parameter.Group_02" name="trackOrder" time="0.005"/>
  <testcase classname="annotation_parameter.Group_02" name="payment" time="0.003"/>
  <testcase classname="annotation_parameter.Group_02" name="logout" time="0.007"/>
  <testcase classname="annotation_parameter.Group_01" name="queryFired" time="0.0">
    <ignored/>
  </testcase> <!-- queryFired -->
  <testcase classname="annotation_parameter.Group_01" name="DBConnect" time="0.0">
    <ignored/>
  </testcase> <!-- DBConnect -->
  <testcase classname="annotation_parameter.Group_01" name="dataSend" time="0.0">
    <ignored/>
  </testcase> <!-- dataSend -->
</testsuite> <!-- GroupingDemo -->
