<?xml version="1.0" encoding="UTF-8"?>
<!-- Generated by org.testng.reporters.JUnitXMLReporter -->
<testsuite ignored="1" hostname="DESKTOP-GCL01NE" failures="0" tests="2" name="Default test" time="25.54" errors="0" timestamp="2025-07-10T21:13:23 IST">
  <testcase classname="paraBankExecute.BankExecute" name="CreateRecord" time="9.133"/>
  <testcase classname="paraBankExecute.BankExecute" name="login" time="4.405"/>
  <testcase classname="paraBankExecute.BankExecute" name="logout" time="0.0">
    <ignored/>
  </testcase> <!-- logout -->
</testsuite> <!-- Default test -->
