<?xml version="1.0" encoding="UTF-8"?>
<testng-results ignored="1" total="2" passed="1" failed="0" skipped="0">
  <reporter-output>
  </reporter-output>
  <suite started-at="2025-06-26T21:54:47 IST" name="Default suite" finished-at="2025-06-26T21:54:47 IST" duration-ms="106">
    <groups>
    </groups>
    <test started-at="2025-06-26T21:54:47 IST" name="Default test" finished-at="2025-06-26T21:54:47 IST" duration-ms="106">
      <class name="annotation.Ignore">
        <test-method signature="HitURL()[pri:2, instance:annotation.Ignore@14cd1699]" started-at="2025-06-26T21:54:47 IST" name="HitURL" finished-at="2025-06-26T21:54:47 IST" duration-ms="23" status="PASS">
          <reporter-output>
          </reporter-output>
        </test-method> <!-- HitURL -->
      </class> <!-- annotation.Ignore -->
    </test> <!-- Default test -->
  </suite> <!-- Default suite -->
</testng-results>
